[11:27:28:772]|[2025-12-09]|[org.apache.tomcat.util.digester.Digester]|[WARNING]|[37]: Match [Server/Service/Connector] failed to set property [maxSpareThreads] to [150]|
[11:27:28:774]|[2025-12-09]|[org.apache.tomcat.util.digester.Digester]|[WARNING]|[37]: Match [Server/Service/Connector] failed to set property [compressableMimeType] to [text/html,text/xml,text/css,text/javascript,application/x-javascript,application/javascript]|
[11:27:28:779]|[2025-12-09]|[org.apache.tomcat.util.digester.Digester]|[WARNING]|[37]: Match [Server/Service/Engine] failed to set property [debug] to [0]|
[11:27:28:796]|[2025-12-09]|[org.apache.tomcat.util.digester.Digester]|[WARNING]|[37]: Match [Server/Service/Engine/Host] failed to set property [debug] to [0]|
[11:27:28:796]|[2025-12-09]|[org.apache.tomcat.util.digester.Digester]|[WARNING]|[37]: Match [Server/Service/Engine/Host] failed to set property [xmlNamespaceAware] to [false]|
[11:27:28:796]|[2025-12-09]|[org.apache.tomcat.util.digester.Digester]|[WARNING]|[37]: Match [Server/Service/Engine/Host] failed to set property [xmlValidation] to [false]|
[11:27:28:805]|[2025-12-09]|[org.apache.tomcat.util.digester.Digester]|[WARNING]|[37]: Match [Server/Service/Engine/Host/Valve] failed to set property [debug] to [0]|
[11:27:28:848]|[2025-12-09]|[org.apache.tomcat.util.digester.Digester]|[WARNING]|[37]: Match [Server/Service/Engine/Host/Context] failed to set property [debug] to [0]|
[11:27:28:888]|[2025-12-09]|[org.apache.tomcat.util.digester.Digester]|[WARNING]|[37]: Match [Server/Service/Engine/Host/Context] failed to set property [debug] to [0]|
[11:27:29:271]|[2025-12-09]|[org.apache.coyote.http11.Http11NioProtocol]|[INFO]|[37]: Initializing ProtocolHandler ["http-nio-8000"]|
[11:27:29:289]|[2025-12-09]|[org.apache.catalina.startup.Catalina]|[INFO]|[37]: Server initialization in [699] milliseconds|
[11:27:29:306]|[2025-12-09]|[org.apache.catalina.core.StandardService]|[INFO]|[37]: Starting service [Catalina]|
[11:27:29:306]|[2025-12-09]|[org.apache.catalina.core.StandardEngine]|[INFO]|[37]: Starting Servlet engine: [Apache Tomcat/9.0.x-dev]|
[11:27:29:350]|[2025-12-09]|[org.apache.catalina.webresources.DirResourceSet]|[WARNING]|[37]: Disabled the global canonical file name cache to protect against CVE-2024-56337 when starting the WebResourceSet at [D:\Product\8030_VAL_02\ADManager Plus\webapps\adsm] which is part of the web application []|
[11:27:31:101]|[2025-12-09]|[org.apache.jasper.servlet.TldScanner]|[INFO]|[37]: At least one JAR was scanned for TLDs yet contained no TLDs. Enable debug logging for this logger for a complete list of JARs that were scanned but no TLDs were found in them. Skipping unneeded JARs during scanning can improve startup time and JSP compilation time.|
[11:27:34:478]|[2025-12-09]|[org.apache.struts.action.ActionServlet]|[INFO]|[37]: Loading chain catalog from jar:file:/D:/Product/8030_VAL_02/ADManager%20Plus/lib/struts-core-1.3.11.jar!/org/apache/struts/chain/chain-config.xml|
[11:27:34:875]|[2025-12-09]|[org.apache.struts.action.ActionServlet]|[INFO]|[37]: Loading chain catalog from jar:file:/D:/Product/8030_VAL_02/ADManager%20Plus/bin/../lib/struts-core-1.3.11.jar!/org/apache/struts/chain/chain-config.xml|
[11:27:35:301]|[2025-12-09]|[org.apache.struts.tiles.TilesPlugin]|[INFO]|[37]: Tiles definition factory loaded for module ''.|
[11:27:36:466]|[2025-12-09]|[org.apache.jasper.servlet.TldScanner]|[INFO]|[37]: At least one JAR was scanned for TLDs yet contained no TLDs. Enable debug logging for this logger for a complete list of JARs that were scanned but no TLDs were found in them. Skipping unneeded JARs during scanning can improve startup time and JSP compilation time.|
[11:27:36:488]|[2025-12-09]|[org.apache.catalina.startup.HostConfig]|[INFO]|[37]: Deploying web application directory [D:\Product\8030_VAL_02\ADManager Plus\webapps\adsm]|
[11:27:36:493]|[2025-12-09]|[org.apache.catalina.core.StandardContext]|[WARNING]|[37]: A context path must either be an empty string or start with a '/' and do not end with a '/'. The path [/] does not meet these criteria and has been changed to []|
[11:27:37:347]|[2025-12-09]|[org.apache.jasper.servlet.TldScanner]|[INFO]|[37]: At least one JAR was scanned for TLDs yet contained no TLDs. Enable debug logging for this logger for a complete list of JARs that were scanned but no TLDs were found in them. Skipping unneeded JARs during scanning can improve startup time and JSP compilation time.|
[11:27:38:010]|[2025-12-09]|[org.apache.struts.action.ActionServlet]|[INFO]|[37]: Loading chain catalog from jar:file:/D:/Product/8030_VAL_02/ADManager%20Plus/lib/struts-core-1.3.11.jar!/org/apache/struts/chain/chain-config.xml|
[11:27:38:054]|[2025-12-09]|[org.apache.struts.action.ActionServlet]|[INFO]|[37]: Loading chain catalog from jar:file:/D:/Product/8030_VAL_02/ADManager%20Plus/bin/../lib/struts-core-1.3.11.jar!/org/apache/struts/chain/chain-config.xml|
[11:27:38:233]|[2025-12-09]|[org.apache.struts.tiles.TilesPlugin]|[INFO]|[37]: Tiles definition factory loaded for module ''.|
[11:27:38:244]|[2025-12-09]|[org.apache.catalina.startup.HostConfig]|[INFO]|[37]: Deployment of web application directory [D:\Product\8030_VAL_02\ADManager Plus\webapps\adsm] has finished in [1,755] ms|
[11:27:38:244]|[2025-12-09]|[org.apache.catalina.startup.HostConfig]|[INFO]|[37]: Deploying web application directory [D:\Product\8030_VAL_02\ADManager Plus\webapps\o365]|
[11:27:39:792]|[2025-12-09]|[org.apache.jasper.servlet.TldScanner]|[INFO]|[37]: At least one JAR was scanned for TLDs yet contained no TLDs. Enable debug logging for this logger for a complete list of JARs that were scanned but no TLDs were found in them. Skipping unneeded JARs during scanning can improve startup time and JSP compilation time.|
[11:27:39:801]|[2025-12-09]|[org.apache.catalina.startup.HostConfig]|[INFO]|[37]: Deployment of web application directory [D:\Product\8030_VAL_02\ADManager Plus\webapps\o365] has finished in [1,556] ms|
[11:27:39:810]|[2025-12-09]|[org.apache.coyote.http11.Http11NioProtocol]|[INFO]|[37]: Starting ProtocolHandler ["http-nio-8000"]|
[11:27:39:842]|[2025-12-09]|[org.apache.catalina.startup.Catalina]|[INFO]|[37]: Server startup in [10553] milliseconds|
[11:27:41:839]|[2025-12-09]|[org.apache.struts.tiles.TilesRequestProcessor]|[INFO]|[69]: Tiles definition factory found for request processor ''.|
[11:27:48:190]|[2025-12-09]|[org.apache.catalina.authenticator.CustomFormAuthenticator856]|[INFO]|[79]: Setting landing page to home page if requested page could not be retreived or null|
[11:27:48:198]|[2025-12-09]|[org.apache.catalina.authenticator.CustomFormAuthenticator856]|[INFO]|[80]: invoking method addUserCredential with params|
[11:44:05:870]|[2025-12-09]|[org.apache.struts.util.PropertyMessageResources]|[WARNING]|[81]:   Resource org/apache/struts/action/ActionResources_en_IN.properties Not Found.|
[11:44:05:871]|[2025-12-09]|[org.apache.struts.util.PropertyMessageResources]|[WARNING]|[81]:   Resource org/apache/struts/action/ActionResources_en.properties Not Found.|
[11:44:05:875]|[2025-12-09]|[org.apache.struts.action.RequestProcessor]|[SEVERE]|[81]: Invalid path was requested /O365Explorer|
